#-----------------------------------------------------------
# Vivado v2024.2 (64-bit)
# SW Build 5239630 on Fri Nov 08 22:35:27 MST 2024
# IP Build 5239520 on Sun Nov 10 16:12:51 MST 2024
# SharedData Build 5239561 on Fri Nov 08 14:39:27 MST 2024
# Start of session at: Mon Feb 10 13:54:16 2025
# Process ID         : 35456
# Current directory  : C:/Users/C27Darshan.KiranKou/ece281/ece281-lab1
# Command line       : vivado.exe -gui_launcher_event rodinguilauncherevent26652 C:\Users\C27Darshan.KiranKou\ece281\ece281-lab1\thirtyoneday.xpr
# Log file           : C:/Users/C27Darshan.KiranKou/ece281/ece281-lab1/vivado.log
# Journal file       : C:/Users/C27Darshan.KiranKou/ece281/ece281-lab1\vivado.jou
# Running On         : C27-5CG3121FRX
# Platform           : Windows Server 2016 or Windows 10
# Operating System   : 22631
# Processor Detail   : AMD Ryzen 7 PRO 6850U with Radeon Graphics     
# CPU Frequency      : 2695 MHz
# CPU Physical cores : 8
# CPU Logical cores  : 16
# Host memory        : 16442 MB
# Swap memory        : 12382 MB
# Total Virtual      : 28825 MB
# Available Virtual  : 5516 MB
#-----------------------------------------------------------
start_gui
open_project C:/Users/C27Darshan.KiranKou/ece281/ece281-lab1/thirtyoneday.xpr
INFO: [filemgmt 56-3] Default IP Output Path : Could not find the directory 'C:/Users/C27Darshan.KiranKou/ece281/ece281-lab1/thirtyoneday.gen/sources_1'.
WARNING: [filemgmt 56-3] IPUserFilesDir: Could not find the directory 'C:/Users/C27Darshan.KiranKou/ece281/ece281-lab1/thirtyoneday.ip_user_files'.
Scanning sources...
Finished scanning sources
INFO: [IP_Flow 19-234] Refreshing IP repositories
INFO: [IP_Flow 19-1704] No user IP repositories specified
INFO: [IP_Flow 19-2313] Loaded Vivado IP repository 'C:/Xilinx/Vivado/2024.2/data/ip'.
update_compile_order -fileset sources_1
exit
INFO: [Common 17-206] Exiting Vivado at Mon Feb 10 13:55:53 2025...
do IP repository 'C:/Xilinx/Vivado/2024.2/data/ip'.
open_project: Time (s): cpu = 00:00:06 ; elapsed = 00:00:07 . Memory (MB): peak = 1114.008 ; gain = 61.453
update_compile_order -fileset sources_1
